# Preference setting overrides
gui_create_pref_key -category {Globals} -key {load_detail_for_funcov} -value_type {bool} -value {false}

# State setting overrides
gui_state_default_create -off -ini
gui_set_state_value -category Globals -key recent_databases -value {{gui_open_db -file /home/eecs/wenyu/auto-pipelining/fsm-test/Hello.vcd -design V1} {gui_open_db -file rekall.vpd} {gui_open_db -file /home/eecs/wenyu/cs250-ao/lab3/SumAccel.vcd -design V1} {gui_open_db -file SumAccel.vcd}}
gui_set_state_value -category Layout -key child_console_size_x -value 1514
gui_set_state_value -category Layout -key child_console_size_y -value 159
gui_set_state_value -category Layout -key child_data_colvariable -value 206
gui_set_state_value -category Layout -key child_data_size_x -value 246
gui_set_state_value -category Layout -key child_data_size_y -value 485
gui_set_state_value -category Layout -key child_hier_col3 -value {-1}
gui_set_state_value -category Layout -key child_hier_colpd -value 0
gui_set_state_value -category Layout -key child_hier_size_x -value 154
gui_set_state_value -category Layout -key child_hier_size_y -value 485
gui_set_state_value -category Layout -key child_source_docknewline -value false
gui_set_state_value -category Layout -key child_source_pos_x -value {-2}
gui_set_state_value -category Layout -key child_source_pos_y -value {-15}
gui_set_state_value -category Layout -key child_source_size_x -value 1117
gui_set_state_value -category Layout -key child_source_size_y -value 480
gui_set_state_value -category Layout -key child_wave_colname -value 220
gui_set_state_value -category Layout -key child_wave_colvalue -value 220
gui_set_state_value -category Layout -key child_wave_left -value 445
gui_set_state_value -category Layout -key child_wave_right -value 1084
gui_set_state_value -category Layout -key main_pos_x -value 0
gui_set_state_value -category Layout -key main_pos_y -value 0
gui_set_state_value -category Layout -key main_size_x -value 1514
gui_set_state_value -category Layout -key main_size_y -value 751
gui_set_state_value -category Layout -key stand_wave_child_docknewline -value false
gui_set_state_value -category Layout -key stand_wave_child_pos_x -value {-2}
gui_set_state_value -category Layout -key stand_wave_child_pos_y -value {-15}
gui_set_state_value -category Layout -key stand_wave_child_size_x -value 1539
gui_set_state_value -category Layout -key stand_wave_child_size_y -value 669
gui_set_state_value -category Layout -key stand_wave_top_pos_x -value 0
gui_set_state_value -category Layout -key stand_wave_top_pos_y -value 0
gui_set_state_value -category Layout -key stand_wave_top_size_x -value 1534
gui_set_state_value -category Layout -key stand_wave_top_size_y -value 781
gui_create_state_key -category FindDialog -key m_pMatchCase -value_type bool -value false
gui_create_state_key -category FindDialog -key m_pMatchWord -value_type bool -value false
gui_create_state_key -category FindDialog -key m_pUseCombo -value_type string -value {}
gui_create_state_key -category FindDialog -key m_pWrapAround -value_type bool -value true
gui_state_default_create -off

# Begin command logging
gui_open_db -file /home/eecs/wenyu/auto-pipelining/fsm-test/Hello.vcd -design V1
gui_list_select -id Hier.1 -current_item_name Hello -current_item_type Scope  -selected  { Hello   }
gui_list_sort -id  Data.1   {Variable}
gui_list_sort -id  Data.1   -descending  {Variable}
gui_list_set_filter -id Data.1 -text {*}
gui_list_select -id Data.1 -selected  { {Hello.operand1[31:0]}   }
gui_open_window Wave
gui_list_add -id Wave.1 -from Data.1 { {Hello.operand1[31:0]} } -insertionbar
gui_list_select -id Data.1 -selected  { {Hello.operand2[31:0]}   }
gui_list_add -id Wave.1 -from Data.1 { {Hello.operand2[31:0]} } -insertionbar
gui_list_select -id Data.1 -selected  { {Hello.imm[31:0]}   }
gui_list_expand -id  Hier.1   Hello
